<?xml version="1.0" encoding="UTF-8"?>
<!-- Generated by org.testng.reporters.JUnitReportReporter -->
<testsuite skipped="0" hostname="DESKTOP-QNHJ5Q7" name="logExample.NOPComLogin" tests="3" failures="0" timestamp="2022-11-10T06:10:37 PST" time="13.062" errors="0">
  <testcase name="verifyLogin" time="11.646" classname="logExample.NOPComLogin"/>
  <system-out/>
  <testcase name="verifyAppTitle" time="0.048" classname="logExample.NOPComLogin"/>
  <system-out/>
  <testcase name="verufyLogout" time="1.368" classname="logExample.NOPComLogin"/>
  <system-out/>
</testsuite> <!-- logExample.NOPComLogin -->
